Determining if the pthread_create exist failed with the following output:
Change Dir: /home/pprz/Projects/vto-tools/Ros/ROS-Trials/catkin_ws/build/CMakeFiles/CMakeTmp

Run Build Command:"/usr/bin/make" "cmTC_3baf6/fast"
/usr/bin/make -f CMakeFiles/cmTC_3baf6.dir/build.make CMakeFiles/cmTC_3baf6.dir/build
make[1] : on entre dans le répertoire « /home/pprz/Projects/vto-tools/Ros/ROS-Trials/catkin_ws/build/CMakeFiles/CMakeTmp »
Building C object CMakeFiles/cmTC_3baf6.dir/CheckSymbolExists.c.o
/usr/bin/cc    -o CMakeFiles/cmTC_3baf6.dir/CheckSymbolExists.c.o   -c /home/pprz/Projects/vto-tools/Ros/ROS-Trials/catkin_ws/build/CMakeFiles/CMakeTmp/CheckSymbolExists.c
Linking C executable cmTC_3baf6
/usr/bin/cmake -E cmake_link_script CMakeFiles/cmTC_3baf6.dir/link.txt --verbose=1
/usr/bin/cc      -rdynamic CMakeFiles/cmTC_3baf6.dir/CheckSymbolExists.c.o  -o cmTC_3baf6 
CMakeFiles/cmTC_3baf6.dir/CheckSymbolExists.c.o : Dans la fonction « main » :
CheckSymbolExists.c:(.text+0x1b) : référence indéfinie vers « pthread_create »
collect2: error: ld returned 1 exit status
CMakeFiles/cmTC_3baf6.dir/build.make:97: recipe for target 'cmTC_3baf6' failed
make[1]: *** [cmTC_3baf6] Error 1
make[1] : on quitte le répertoire « /home/pprz/Projects/vto-tools/Ros/ROS-Trials/catkin_ws/build/CMakeFiles/CMakeTmp »
Makefile:126: recipe for target 'cmTC_3baf6/fast' failed
make: *** [cmTC_3baf6/fast] Error 2

File /home/pprz/Projects/vto-tools/Ros/ROS-Trials/catkin_ws/build/CMakeFiles/CMakeTmp/CheckSymbolExists.c:
/* */
#include <pthread.h>

int main(int argc, char** argv)
{
  (void)argv;
#ifndef pthread_create
  return ((int*)(&pthread_create))[argc];
#else
  (void)argc;
  return 0;
#endif
}

Determining if the function pthread_create exists in the pthreads failed with the following output:
Change Dir: /home/pprz/Projects/vto-tools/Ros/ROS-Trials/catkin_ws/build/CMakeFiles/CMakeTmp

Run Build Command:"/usr/bin/make" "cmTC_d961f/fast"
/usr/bin/make -f CMakeFiles/cmTC_d961f.dir/build.make CMakeFiles/cmTC_d961f.dir/build
make[1] : on entre dans le répertoire « /home/pprz/Projects/vto-tools/Ros/ROS-Trials/catkin_ws/build/CMakeFiles/CMakeTmp »
Building C object CMakeFiles/cmTC_d961f.dir/CheckFunctionExists.c.o
/usr/bin/cc   -DCHECK_FUNCTION_EXISTS=pthread_create   -o CMakeFiles/cmTC_d961f.dir/CheckFunctionExists.c.o   -c /usr/share/cmake-3.10/Modules/CheckFunctionExists.c
Linking C executable cmTC_d961f
/usr/bin/cmake -E cmake_link_script CMakeFiles/cmTC_d961f.dir/link.txt --verbose=1
/usr/bin/cc  -DCHECK_FUNCTION_EXISTS=pthread_create    -rdynamic CMakeFiles/cmTC_d961f.dir/CheckFunctionExists.c.o  -o cmTC_d961f -lpthreads 
/usr/bin/ld : ne peut trouver -lpthreads
collect2: error: ld returned 1 exit status
CMakeFiles/cmTC_d961f.dir/build.make:97: recipe for target 'cmTC_d961f' failed
make[1]: *** [cmTC_d961f] Error 1
make[1] : on quitte le répertoire « /home/pprz/Projects/vto-tools/Ros/ROS-Trials/catkin_ws/build/CMakeFiles/CMakeTmp »
Makefile:126: recipe for target 'cmTC_d961f/fast' failed
make: *** [cmTC_d961f/fast] Error 2


