6 52.48125
12 51.6375
18 51.6375
25 52.48125
26 52.48125
32 52.48125
40 52.48125
44 52.612503
51 51.05625
57 51.05625
63 52.331253
69 52.912502
76 52.912502
82 51.206253
86 51.206253
92 52.18125
99 52.18125
104 52.331253
111 52.2
117 52.2
124 52.4625
130 52.893753
134 52.893753
141 51.206253
143 51.206253
149 52.48125
154 52.48125
160 52.331253
167 52.331253
173 52.350002
179 52.781254
185 52.781254
192 52.050003
198 52.050003
202 51.61875
209 53.04375
215 53.04375
221 52.350002
227 52.350002
233 53.175003
241 53.04375
244 53.04375
250 53.04375
257 52.050003
261 52.050003
268 52.7625
274 52.7625
281 52.912502
288 52.912502
292 51.3375
296 51.3375
301 52.893753
308 52.331253
314 52.331253
318 52.7625
324 52.7625
331 52.4625
340 52.331253
344 52.331253
350 52.631252
356 53.325
362 53.325
368 51.768753
374 51.768753
378 51.3375
385 51.3375
391 51.61875
397 51.468754
403 51.468754
409 53.456253
415 52.7625
422 52.7625
425 53.04375
432 53.04375
436 52.612503
442 52.612503
447 53.325
454 52.4625
460 52.4625
466 51.6375
472 51.6375
478 52.2
485 52.350002
491 52.350002
495 51.61875
501 51.61875
508 52.612503
514 53.04375
520 53.04375
526 52.893753
532 52.893753
541 51.768753
544 53.04375
551 53.04375
554 52.050003
561 52.050003
567 52.7625
573 52.7625
579 52.612503
586 51.61875
592 51.61875
598 53.60625
602 53.60625
608 52.612503
612 52.612503
618 52.4625
624 51.487503
630 51.487503
640 52.612503
644 53.30625
648 53.30625
654 52.7625
660 52.7625
666 53.04375
670 53.04375
677 52.912502
684 52.2
691 52.2
694 52.2
700 52.2
706 52.050003
712 52.050003
718 52.050003
725 51.3375
726 51.3375
732 52.2
741 52.2
744 53.193752
750 53.193752
756 52.050003
762 52.912502
768 52.912502
774 52.4625
780 52.4625
783 51.468754
790 51.6375
796 51.6375
802 53.04375
808 53.04375
814 53.325
820 52.93125
827 52.93125
833 52.875004
841 52.875004
843 52.48125
849 51.075
855 51.075
862 51.768753
868 51.768753
874 52.875004
881 52.18125
891 52.18125
892 52.631252
898 52.631252
901 52.74375
908 52.612503
914 52.612503
921 53.04375
927 53.04375
933 52.2
941 52.2
944 51.768753
951 53.025
957 53.025
961 52.912502
967 52.912502
973 53.175003
980 52.2
985 52.2
992 52.893753
998 52.612503
1004 52.612503
1010 52.912502
1014 52.912502
1022 51.61875
1026 51.61875
1032 51.61875
1041 52.893753
1044 52.893753
1050 52.612503
1056 52.612503
1062 51.768753
1069 53.193752
1074 53.193752
1078 53.193752
1085 53.193752
1091 53.04375
1097 51.6375
1103 51.6375
1110 52.18125
1116 51.787502
1120 51.787502
1126 52.74375
1132 52.74375
1136 53.343754
1142 53.343754
1148 51.3375
1154 51.3375
1161 52.068752
1167 52.612503
1173 52.612503
1180 52.18125
1186 52.18125
1192 51.35625
1196 52.893753
1202 52.893753
1207 52.74375
1213 52.74375
1220 53.30625
1226 51.468754
1231 51.468754
1241 51.6375
1244 51.6375
1250 52.18125
1253 52.18125
1259 52.48125
1265 52.612503
1271 52.612503
1278 51.61875
1285 51.61875
1291 52.18125
1297 51.187504
1303 51.187504
1309 52.4625
1311 52.4625
1317 51.506252
1323 51.506252
1329 53.60625
1336 52.593754
1342 53.325
1349 53.325
1354 52.350002
1360 52.350002
1368 52.500004
1369 52.500004
1376 52.612503
1382 52.612503
1391 52.331253
1394 53.04375
1400 53.04375
1407 53.475002
1413 53.475002
1418 51.6375
1425 52.631252
1428 52.631252
1435 52.350002
1441 52.350002
1447 52.781254
1453 51.05625
1459 51.05625
1465 52.612503
1471 52.068752
1477 52.068752
1484 51.075
1491 51.075
1494 52.893753
1500 52.893753
1507 52.068752
1513 52.2
1518 52.2
1524 51.487503
1530 51.506252
1536 51.506252
1542 51.656254
1546 51.656254
1552 51.487503
1558 51.487503
1565 53.193752
1571 53.175003
1577 53.175003
1583 53.025
1591 53.025
1594 51.768753
1600 51.768753
1604 52.331253
1610 52.48125
1616 52.48125
1623 53.175003
1629 53.175003
1636 51.487503
1641 52.331253
1647 52.331253
1654 52.48125
1660 52.050003
1662 52.050003
1668 52.050003
1674 52.631252
1681 53.175003
1691 53.175003
1694 52.068752
1700 51.6375
1706 51.6375
1712 52.2
1718 52.2
1722 52.48125
1728 52.350002
1734 52.350002
1741 51.3375
1747 52.2
1754 52.2
1758 52.050003
1764 52.050003
1770 52.4625
1776 52.4625
1780 51.206253
1786 51.206253
1792 52.7625
1798 53.5875
1804 53.5875
1810 52.331253
1817 52.7625
1824 52.7625
1828 53.193752
1834 53.193752
1841 53.737503
1844 53.737503
1850 53.175003
1856 53.04375
1863 53.04375
1868 52.893753
1874 52.893753
1880 52.331253
1891 52.331253
1894 51.3375
1898 52.331253
1904 52.48125
1911 52.48125
1917 52.2
1923 52.2
1927 52.48125
1933 52.48125
1941 52.612503
1946 52.350002
1952 52.350002
1956 51.768753
1962 51.768753
1968 52.331253
1974 52.331253
1980 51.487503
1987 51.61875
1993 51.61875
1999 52.912502
2005 53.04375
2011 53.04375
2015 52.350002
2021 52.350002
2028 51.768753
2034 51.768753
2041 51.6375
2047 53.343754
2051 53.343754
2058 53.04375
2064 53.04375
2070 51.3375
2072 51.750004
2078 51.750004
2084 52.7625
2091 52.7625
2096 52.48125
2102 53.04375
2108 53.04375
2114 52.331253
2120 52.331253
2127 51.61875
2129 51.61875
2135 52.65
2141 52.65
2147 51.768753
2153 52.612503
2159 52.612503
2165 52.612503
2171 52.612503
2178 52.331253
2184 51.768753
2186 51.768753
2191 51.768753
2197 52.7625
2203 51.35625
2209 51.35625
2215 52.050003
2221 52.050003
2227 52.48125
2234 51.61875
2241 51.61875
2243 53.062504
2249 53.062504
2255 52.18125
2261 52.48125
2267 52.48125
2273 52.48125
2279 52.48125
2285 53.04375
2291 52.2
2297 52.2
2301 52.893753
2308 52.893753
2314 51.768753
2321 52.7625
2327 52.7625
2331 51.206253
2341 51.206253
2343 52.7625
2349 52.7625
2355 52.7625
2359 52.7625
2365 53.175003
2372 52.18125
2378 52.18125
2384 52.912502
2391 52.612503
2397 52.612503
2403 52.2
2407 52.18125
2414 52.18125
2417 52.050003
2424 52.050003
2431 52.912502
2437 52.912502
2443 51.3375
2447 51.3375
2453 52.631252
2459 52.612503
2465 52.612503
2472 53.04375
2478 53.04375
2482 52.7625
2491 51.768753
2494 51.768753
2500 52.7625
2507 51.3375
2513 51.3375
2519 51.487503
2525 51.487503
2532 52.4625
2533 52.4625
2541 51.768753
2546 51.768753
2552 53.475002
2558 53.475002
2564 53.475002
2571 51.6375
2577 52.2
2583 52.2
2590 52.612503
2593 52.612503
2600 52.331253
2606 52.331253
2612 53.04375
2617 52.74375
2624 52.74375
2629 52.350002
2636 52.218754
2642 52.218754
2647 52.4625
2651 52.4625
2657 52.593754
2664 52.593754
2670 51.3375
2676 52.4625
2683 52.4625
2690 53.325
2693 53.325
2699 53.175003
2705 50.756252
2707 50.756252
2713 50.756252
2720 52.612503
2726 52.7625
2732 52.7625
2740 52.593754
2744 52.593754
2750 53.025
2756 52.331253
2763 52.331253
2765 52.48125
2771 52.48125
2777 53.193752
2783 53.193752
2790 52.2
2795 50.925003
2801 50.925003
2807 52.612503
2813 52.612503
2819 52.612503
2824 52.612503
2830 52.631252
2837 52.4625
2841 52.4625
2847 53.325
2853 53.062504
2859 53.062504
2865 52.631252
2871 52.631252
2877 53.60625
2879 53.60625
2885 53.475002
2891 53.475002
2897 52.631252
2903 53.04375
2909 53.04375
2915 52.893753
2922 51.61875
2928 51.61875
2934 52.350002
2941 52.350002
2944 53.475002
2950 53.475002
2957 51.768753
2963 52.350002
2969 52.350002
2975 52.7625
2981 52.7625
2990 52.74375
2993 51.487503
2995 51.487503
3001 53.04375
3007 53.04375
3013 53.04375
3019 53.04375
3026 53.025
3032 53.175003
3040 53.175003
3044 52.631252
3050 52.7625
3054 52.7625
3061 52.331253
3067 52.331253
3073 51.35625
3079 52.74375
3085 52.74375
3091 52.331253
3097 52.331253
3101 52.612503
3108 52.612503
3112 51.750004
3118 51.750004
3124 53.325
3130 52.4625
3136 52.4625
3142 52.893753
3148 52.893753
3154 53.04375
3160 53.193752
3167 53.193752
3168 53.193752
3175 52.612503
3181 52.593754
3190 52.593754
3193 52.612503
3200 52.050003
3205 52.050003
3212 53.062504
3218 53.175003
3224 53.175003
3228 52.912502
3233 52.912502
3240 51.6375
3246 51.6375
3252 52.74375
3258 52.48125
3264 52.48125
3270 52.48125
3277 52.48125
3283 52.031254
3290 52.74375
3293 52.74375
3299 52.2
3305 52.612503
3311 52.612503
3317 51.61875
3323 51.61875
3329 52.068752
3335 52.068752
3341 53.04375
3345 53.04375
3352 51.61875
3357 52.331253
3364 52.331253
3370 51.61875
3376 53.86875
3382 53.86875
3390 52.050003
3395 52.350002
3401 52.350002
3405 52.350002
3411 52.350002
3417 53.475002
3423 53.475002
3429 52.050003
3435 52.050003
3441 53.475002
3447 52.2
3453 52.2
3460 53.193752
3464 52.2
3470 52.2
3476 52.331253
3483 53.456253
3490 53.456253
3495 53.04375
3501 53.04375
3505 52.781254
3511 52.781254
3517 51.3375
3519 51.3375
3525 51.3375
3531 51.750004
3540 53.062504
3544 52.050003
3550 52.050003
3557 52.893753
3563 52.893753
3569 50.906254
3575 50.79375
3579 50.79375
3585 49.912502
3591 49.912502
3597 49.7625
3604 49.631252
3610 49.631252
3616 48.225002
3622 48.225002
3628 49.781254
3634 47.925003
3640 47.925003
3644 48.075
3650 48.075
3658 46.65
3662 46.36875
3668 46.36875
3674 45.525
3680 45.525
3686 43.66875
3692 43.237503
3696 43.237503
3702 42.09375
3708 42.09375
3714 42.2625
3720 42.2625
3726 40.818752
3733 40.818752
3740 40.256252
3746 39.131252
3752 39.131252
3756 38.25
3762 36.975002
3768 36.975002
3775 36.99375
3781 36.2625
3790 36.2625
3791 35.7
3797 35.7
3804 34.575
3809 34.575
3814 34.125
3820 34.125
3826 33.5625
3832 34.40625
3840 34.40625
3844 32.831253
3850 33.7125
3856 33.7125
3862 30.69375
3869 30.69375
3872 32.550003
3878 31.575
3885 31.575
3891 31.556252
3898 32.41875
3903 32.41875
3909 31.1625
3915 31.1625
3921 30.581251
3928 30.581251
3933 31.0125
3940 31.0125
3944 32.71875
3950 31.143751
3956 31.143751
3962 31.462502
3968 31.462502
3975 32.025
3981 31.275002
3990 32.41875
3991 32.41875
3997 32.41875
4003 29.868752
4009 29.437502
4015 29.437502
4022 29.56875
4028 30.000002
4034 30.000002
4040 31.556252
4044 31.556252
4052 30.975
4056 30.975
4062 30.112501
4068 28.987501
4075 28.987501
4081 29.268751
4090 28.406252
4093 28.406252
4100 30.093752
4106 29.531252
4110 29.531252
4116 30.393751
4122 30.393751
4128 30.50625
4134 30.50625
4140 29.5125
4146 30.7875
4153 30.7875
4159 31.48125
4165 33.037502
4169 33.037502
4175 32.175003
4181 32.175003
4190 32.8875
4194 32.8875
4200 34.425003
4205 34.425003
4211 34.162502
4217 36.5625
4224 36.5625
4226 35.850002
4232 35.850002
4240 35.7
4244 35.7
4251 37.8375
4257 36.975002
4263 36.975002
4269 38.381252
4275 38.100002
4281 38.100002
4285 38.11875
4292 38.11875
4298 38.662502
4305 39.375
4311 39.375
4317 38.23125
4321 38.23125
4328 38.25
4334 38.100002
4340 38.100002
4344 38.53125
4350 38.53125
4356 39.225002
4362 39.225002
4368 39.80625
4374 38.381252
4380 38.381252
4390 38.68125
4392 38.100002
4398 38.100002
4403 38.550003
4408 38.550003
4414 37.237503
4420 37.275
4426 37.275
4432 37.10625
4440 37.10625
4444 37.537502
4451 37.537502
4457 37.29375
4461 37.29375
4467 35.568752
4473 36.825
4479 36.825
4486 35.1375
4492 35.568752
4496 35.568752
4503 35.287502
4509 35.287502
4515 33.862503
4517 33.862503
4523 35.456253
4529 35.456253
4536 35.7
4542 36.975002
4548 36.975002
4554 35.568752
4560 34.725002
4566 34.725002
4572 34.875
4576 34.875
4582 35.15625
4590 35.15625
4594 34.875
4600 34.875
4607 35.287502
4613 35.025
4619 34.162502
4626 34.162502
4632 34.725002
4636 34.725002
4642 35.006252
4648 35.006252
4654 35.4375
4660 33.581253
4667 33.581253
4673 34.425003
4678 34.425003
4684 35.568752
4690 34.987503
4694 34.987503
4701 34.987503
4707 34.74375
4711 35.71875
4718 35.71875
4724 34.443752
4730 35.006252
4736 35.006252
4742 34.725002
4748 34.725002
4752 34.725002
4758 34.3125
4764 34.3125
4770 35.006252
4776 35.006252
4783 34.725002
4790 35.737503
4795 35.737503
4801 34.875
4808 35.006252
4812 35.006252
4818 35.006252
4824 34.85625
4830 35.1375
4840 34.443752
4842 34.443752
4847 35.006252
4853 35.006252
4859 34.85625
4865 34.85625
4867 36.45
4875 34.162502
4881 34.162502
4890 33.600002
4895 33.600002
4899 34.425003
4906 34.443752
4912 34.443752
4918 35.30625
4924 35.30625
4928 34.85625
4934 34.85625
4940 33.75
4946 34.0125
4953 34.0125
4959 33.881252
4965 33.881252
4972 35.287502
4976 35.287502
4982 34.706253
4986 34.425003
4992 34.425003
4998 34.162502
5005 35.1375
5010 35.1375
5017 35.006252
5023 35.006252
5029 35.006252
5034 34.162502
5040 34.162502
5044 34.74375
5051 34.74375
5057 33.318752
5063 33.318752
5069 34.725002
5075 34.3125
5081 34.3125
5090 35.006252
5093 35.006252
5098 34.875
5102 34.875
5109 35.5875
5115 33.881252
5121 33.881252
5127 34.85625
5133 34.443752
5140 34.443752
5146 35.850002
5150 35.850002
5156 36.7125
5161 36.7125
5167 34.29375
5173 35.4375
5180 35.4375
5184 34.29375
5190 34.29375
5196 34.725002
5202 35.287502
5208 35.287502
5214 34.162502
5218 34.162502
5224 35.15625
5230 35.15625
5240 35.15625
5243 35.4375
5249 35.4375
5255 34.725002
5261 35.15625
5268 35.15625
5271 34.875
5280 34.875
5284 34.3125
5290 33.862503
5296 33.862503
5302 34.725002
5309 34.725002
5315 35.4375
5321 35.15625
5327 35.15625
5331 34.875
5340 34.875
5344 36.45
5350 35.568752
5357 35.568752
5363 35.1375
5369 35.1375
5374 34.875
5381 36.15
5390 36.15
5393 35.006252
5397 35.006252
5404 35.1375
5409 34.3125
5415 34.3125
5422 34.443752
5427 34.443752
5434 34.0125
5440 35.287502
5447 35.287502
5450 34.875
5459 34.162502
5462 34.162502
5468 34.875
5474 34.875
5480 34.162502
5490 34.162502
5493 35.15625
5499 34.29375
5505 34.29375
5511 34.725002
5515 34.725002
5521 34.3125
5527 34.74375
5533 34.74375
5540 34.875
5545 34.875
5552 35.1375
5558 35.1375
5563 35.1375
5570 34.03125
5574 34.03125
5579 34.331253
5586 34.331253
5592 35.4375
5598 35.006252
5604 35.006252
5610 34.162502
5617 34.162502
5622 34.875
5629 35.287502
5633 35.287502
5640 35.006252
5645 35.006252
5651 34.3125
5657 34.03125
5663 34.03125
5670 35.006252
5676 35.006252
5682 35.006252
5690 35.15625
5692 35.15625
5698 33.73125
5705 33.73125
5711 34.425003
5717 35.006252
5724 35.006252
5729 35.15625
5736 35.025
5740 35.025
5745 35.025
5749 34.875
5756 33.99375
5761 33.99375
5767 35.4375
5773 35.4375
5779 34.85625
5785 34.162502
5791 34.162502
5798 35.025
5804 34.143753
5808 34.143753
5814 33.581253
5820 33.581253
5826 36.15
5833 36.15
5840 35.287502
5845 34.162502
5851 34.162502
5857 33.73125
5861 33.73125
5870 35.4375
5874 33.73125
5880 33.73125
5886 34.3125
5892 34.3125
5898 34.875
5904 35.850002
5911 35.850002
5917 34.443752
5921 34.443752
5930 34.987503
5934 35.025
5940 35.025
5947 34.425003
5953 35.025
5959 35.025
5965 34.4625
5971 35.4375
5977 35.4375
5981 35.025
5990 35.025
5994 34.725002
6000 34.725002
6006 34.875
6013 35.1375
6019 35.1375
6025 35.30625
6029 35.30625
6035 34.29375
6041 35.7
6045 35.7
6051 35.7
6058 35.025
6064 34.725002
6070 34.725002
6077 35.175003
6083 34.03125
6091 34.03125
6095 34.162502
6101 35.006252
6103 35.006252
6109 34.725002
6115 34.725002
6121 34.143753
6127 34.143753
6134 34.85625
6140 34.85625
6147 35.025
6153 34.875
6160 34.875
6161 34.875
6167 34.875
6173 34.85625
6179 33.73125
6185 33.73125
6191 35.71875
6198 35.71875
6204 35.006252
6210 35.006252
6216 35.30625
6220 35.025
6226 35.025
6232 35.86875
6240 35.86875
6245 34.875
6252 34.875
6256 34.875
6262 35.86875
6268 34.706253
6274 34.706253
6278 34.706253
6284 35.025
6290 34.987503
6297 35.4375
6303 35.4375
6309 34.725002
6315 34.725002
6322 34.162502
6327 35.15625
6333 35.15625
6340 34.725002
6344 34.725002
6350 35.850002
6356 35.850002
6362 33.99375
6368 34.29375
6374 34.29375
6380 36.131252
6387 36.131252
6391 35.006252
6399 34.18125
6403 34.18125
6409 34.893753
6415 34.893753
6421 34.74375
6427 34.85625
6433 34.85625
6440 34.725002
6445 35.1375
6452 35.1375
6456 34.3125
6462 34.3125
6468 34.162502
6474 34.162502
6481 33.881252
6490 33.600002
6493 33.600002
6499 34.875
6505 34.18125
6511 34.18125
6515 34.875
6521 34.875
6527 36.28125
6533 36.28125
6540 35.30625
6545 35.4375
6552 35.4375
6557 34.425003
6564 34.725002
6569 34.725002
6577 34.85625
6581 34.85625
6590 34.0125
6593 35.025
6599 35.025
6606 35.568752
6610 35.568752
6617 35.850002
6623 35.850002
6629 33.881252
6633 33.881252
6640 34.162502
6646 34.443752
6652 34.443752
6657 35.15625
6664 34.443752
6670 34.443752
6676 35.006252
6680 35.006252
6686 35.287502
6690 35.287502
6697 34.162502
6703 35.268753
6709 35.268753
6715 34.725002
6721 34.725002
6728 35.287502
6734 34.443752
6740 34.443752
6746 34.74375
6750 34.74375
6756 34.74375
6762 35.86875
6768 35.86875
6774 35.86875
6780 35.86875
6790 35.71875
6793 34.425003
6799 35.71875
6805 35.71875
6809 35.71875
6815 35.025
6821 34.3125
6828 34.3125
6834 34.3125
6840 34.3125
6847 34.875
6851 35.025
6857 35.025
6863 34.725002
6865 34.725002
6871 34.725002
6877 34.725002
6884 34.725002
6890 34.0125
6896 34.0125
6902 34.331253
6908 34.331253
6915 33.881252
6920 34.03125
6924 34.03125
6930 35.71875
6940 35.71875
6943 35.4375
6949 34.3125
6956 34.3125
6962 35.175003
6968 35.175003
6974 35.4375
6980 35.850002
6984 35.850002
6990 35.15625
6997 35.15625
7003 35.4375
7009 35.4375
7014 35.4375
7020 35.4375
7026 34.143753
7032 34.725002
7040 35.5875
7042 35.5875
7048 35.4375
7054 35.4375
7061 35.4375
7068 35.15625
7073 35.15625
7080 35.71875
7086 35.71875
7092 36.45
7098 35.568752
7102 35.568752
7108 36.15
7115 36.15
7121 34.875
7127 35.15625
7133 35.15625
7140 34.875
7145 34.875
7149 35.025
7155 35.025
7159 35.4375
7165 35.5875
7171 35.5875
7178 35.4375
7184 35.4375
7190 34.85625
7196 34.85625
7203 34.74375
7209 35.287502
7214 35.287502
7219 35.15625
7225 35.15625
7231 34.443752
7240 34.875
7243 34.875
7249 35.7
7256 36.16875
7262 36.16875
7268 35.4375
7274 35.4375
7278 34.85625
7284 34.85625
7290 35.4375
7297 35.4375
7303 35.4375
7309 34.875
7315 35.30625
7321 35.30625
7327 35.287502
7333 35.287502
7340 35.71875
7343 35.71875
7349 35.4375
7355 35.006252
7361 35.006252
7367 35.006252
7373 35.006252
7378 36.28125
7385 34.443752
7390 34.443752
7394 34.725002
7400 34.725002
7407 35.71875
7413 35.025
7420 35.025
7425 35.41875
7431 35.41875
7440 34.725002
7444 35.4375
7450 35.4375
7452 36.43125
7458 36.43125
7464 35.1375
7470 35.1375
7476 35.86875
7482 36.693752
7490 36.693752
7494 35.7
7500 35.7
7506 35.5875
7511 35.5875
7517 35.850002
7523 34.85625
7529 34.85625
7533 34.74375
7540 34.74375
7545 35.41875
7552 35.15625
7558 35.15625
7564 35.71875
7568 35.71875
7574 36.581253
7580 36.581253
7586 34.443752
7592 33.881252
7598 33.881252
7605 35.1375
7611 35.1375
7618 34.85625
7622 34.987503
7630 36.43125
7635 36.43125
7641 35.737503
7647 35.737503
7653 35.4375
7659 35.4375
7665 35.4375
7671 34.443752
7675 34.443752
7681 34.875
7686 34.875
7692 35.287502
7698 35.287502
7704 34.443752
7710 34.425003
7717 34.425003
7722 35.5875
7729 35.5875
7735 35.006252
7741 35.4375
7745 35.4375
7751 35.30625
7757 35.30625
7762 36.7125
7769 36.7125
7775 36.2625
7781 36.825
7790 36.99375
7793 36.99375
7799 38.4
7803 38.4
7810 37.96875
7816 37.96875
7823 37.518753
7829 37.518753
7835 37.518753
7840 36.956253
7845 36.956253
7851 37.65
7858 37.66875
7859 37.66875
7865 37.66875
7871 37.96875
7877 37.96875
7883 37.66875
7890 37.800003
7896 37.518753
7902 37.518753
7908 38.0625
7914 38.0625
7918 38.625
7923 38.625
7929 38.8875
7936 38.8875
7942 41.7
7948 41.7
7954 41.287502
7960 42.28125
7967 42.28125
7974 42.84375
7976 42.84375
7981 44.4
7990 45.393753
7994 45.393753
8000 44.268753
8006 45.28125
8012 45.28125
8018 46.6875
8026 46.6875
8031 44.850002
8035 46.987503
8041 46.987503
8048 48.112503
8054 48.112503
8060 49.818752
8066 49.968754
8072 49.968754
8078 52.65
8084 54.187504
8090 54.187504
8093 54.05625
8100 54.05625
8106 56.756252
8112 56.756252
8118 58.162502
8124 58.162502
8131 59.456253
8140 61.031254
8143 61.031254
8149 62.568752
8153 62.568752
8159 61.875004
8165 62.86875
8172 62.86875
8178 64.425
8184 63.15
8190 63.15
8196 63.843754
8202 61.706253
8206 61.706253
8215 64.387505
8219 64.387505
8225 65.53125
8231 65.53125
8240 67.21875
8244 68.64375
8249 68.64375
8256 69.4875
8262 70.762505
8268 70.762505
8275 72.037506
8279 72.037506
8285 73.89375
8290 73.89375
8297 75.731255
8304 76.725006
8310 76.725006
8317 77.287506
8320 79.40625
8327 79.40625
8331 79.40625
8340 81.262505
8343 83.231255
8351 83.231255
8356 83.8125
8361 85.0875
8368 85.0875
8374 87.20625
8380 87.20625
8386 88.350006
8390 88.481255
8397 88.481255
8403 90.037506
8409 90.037506
8413 90.76875
8420 91.33125
8426 91.33125
8432 92.30625
8440 92.30625
8445 94.33125
8449 94.33125
8455 96.3
8461 96.881256
8468 96.881256
8473 95.325005
8479 94.875
8485 94.875
8492 94.631256
8498 94.631256
8504 95.756256
8506 95.756256
8514 95.043755
8520 95.86875
8527 95.86875
8533 96.318756
8540 96.318756
8544 96.3
8550 95.606255
8556 95.606255
8562 94.89375
8566 94.89375
8572 96.58125
8578 96.58125
8584 95.606255
8590 95.193756
8597 95.193756
8601 97.443756
8607 97.443756
8613 95.606255
8619 94.481255
8623 94.481255
8629 95.193756
8635 95.193756
8641 94.59375
8647 94.59375
8653 95.86875
8659 95.30625
8665 95.30625
8671 95.756256
8678 95.756256
8682 95.90625
8690 95.175
8694 95.175
8701 95.193756
8706 95.193756
8712 96.01875
8718 94.631256
8724 95.45625
8731 95.45625
8740 96.600006
8741 96.600006
8747 95.5875
8753 95.5875
8760 95.7375
8767 96.318756
8771 96.318756
8777 94.6125
8783 94.6125
8790 95.45625
8795 94.89375
8799 94.89375
8806 95.90625
8811 95.90625
8818 96.600006
8824 96.600006
8830 95.30625
8836 94.33125
8842 94.33125
8848 96.318756
8854 96.318756
8858 93.9
8864 93.9
8871 95.71875
8877 95.5875
8883 95.5875
8890 95.043755
8896 95.45625
8902 95.45625
8908 95.606255
8914 95.5875
8918 95.5875
8924 96.450005
8930 96.450005
8940 96.037506
8943 95.625
8948 95.625
8954 95.45625
8960 95.45625
8967 95.175
8973 95.175
8977 95.175
8984 95.606255
8990 95.606255
8995 96.8625
9002 96.8625
9008 95.325005
9014 96.693756
9020 96.693756
9027 95.86875
9031 95.606255
9040 95.606255
9043 95.45625
9050 95.45625
9057 96.58125
9060 96.58125
9067 95.043755
9073 95.7375
9079 95.7375
9090 95.175
9091 95.175
9096 94.59375
9102 95.86875
9108 95.86875
9114 95.45625
9120 95.606255
9127 95.606255
9132 93.76875
9140 93.76875
9145 97.03126
9152 95.756256
9153 95.756256
9159 95.756256
9165 96.037506
9172 95.025
9178 95.025
9184 96.318756
9190 97.03126
9196 97.03126
9202 96.43125
9208 96.43125
9210 96.600006
9216 96.600006
9222 95.175
9229 95.175
9235 95.043755
9241 96.318756
9247 96.318756
9254 96.0
9260 94.6125
9266 94.6125
9270 96.3
9276 96.3
9282 96.01875
9290 95.5875
9294 95.5875
9300 95.193756
9306 95.193756
9312 96.450005
9318 95.0625
9324 95.0625
9328 95.025
9334 95.025
9340 95.7375
9347 95.7375
9352 95.45625
9359 95.043755
9365 95.043755
9371 97.162506
9378 96.881256
9384 96.881256
9390 96.881256
9394 95.45625
9400 96.318756
9406 96.600006
9412 96.600006
9418 96.600006
9424 95.45625
9430 95.7375
9436 95.7375
9443 95.775
9447 95.043755
9453 95.043755
9459 96.450005
9465 95.86875
9471 95.86875
9477 95.7375
9483 95.7375
9490 96.318756
9496 95.45625
9502 95.45625
9504 95.45625
9510 95.7375
9516 96.037506
9522 96.037506
9529 96.037506
9535 96.037506
9541 95.887505
9547 96.3
9553 95.043755
9560 95.043755
9563 95.043755
9570 96.450005
9576 96.450005
9582 95.7375
9590 95.606255
9594 95.606255
9600 95.7375
9607 95.887505
9613 95.887505
9619 95.475006
9623 95.475006
9630 96.3
9636 95.606255
9642 95.606255
9647 96.318756
9653 96.3
9659 96.3
9665 95.71875
9671 95.71875
9677 94.6125
9682 94.6125
9690 95.45625
9694 96.3
9701 96.3
9707 95.756256
9713 95.325005
9719 95.325005
9723 97.443756
9729 97.443756
9735 96.037506
9740 96.037506
9745 95.5875
9751 95.5875
9757 96.450005
9764 94.875
9770 94.875
9776 96.037506
9782 96.318756
9790 96.318756
9794 96.8625
9796 96.8625
9804 96.318756
9813 95.45625
9818 95.45625
9822 96.450005
9827 96.450005
9834 96.01875
9840 96.01875
9845 95.30625
9852 96.9
9855 96.9
9861 94.33125
9868 94.33125
9873 94.6125
9880 94.6125
9886 95.5875
9893 96.450005
9899 96.450005
9905 95.7375
9911 95.7375
9915 95.7375
9921 96.46876
9927 96.46876
9933 94.89375
9940 94.89375
9946 95.606255
9951 95.34375
9957 95.34375
9963 95.475006
9969 96.8625
9971 96.8625
9977 96.8625
9983 95.325005
9990 95.325005
9995 95.45625
10001 95.475006
10008 95.475006
10014 96.3
10020 96.731255
10027 96.731255
10030 95.193756
10040 95.193756
10043 95.15625
10049 95.756256
10056 95.756256
10062 96.037506
10068 95.7375
10074 95.7375
10080 96.01875
10086 96.01875
10090 96.731255
10094 96.731255
10100 95.475006
10107 95.475006
10113 96.3
10120 96.46876
10126 96.46876
10132 96.450005
10140 96.450005
10145 96.01875
10148 96.58125
10154 96.58125
10161 95.606255
10167 95.606255
10173 96.731255
10179 96.3
10186 96.3
10191 95.175
10198 95.5875
10203 95.5875
10207 96.318756
10214 96.318756
10219 96.01875
10225 96.01875
10232 95.606255
10240 96.3
10245 96.3
10251 95.887505
10257 95.30625
10264 95.30625
10265 95.30625
10271 95.45625
10277 94.89375
10283 94.89375
10290 95.5875
10295 95.5875
10302 96.56251
10307 96.43125
10314 96.43125
10320 97.856255
10322 97.856255
10328 95.043755
10334 95.043755
10340 94.875
10347 96.01875
10353 96.01875
10359 96.450005
10366 96.318756
10371 96.318756
10378 95.7375
10382 95.7375
10390 95.4375
10394 95.45625
10400 95.45625
10406 95.475006
10412 95.475006
10419 96.881256
10425 95.30625
10431 95.30625
10440 96.731255
10441 96.731255
10445 96.46876
10452 96.46876
10458 96.01875
10464 96.01875
10470 94.6125
10476 95.606255
10483 95.606255
10490 96.318756
10495 96.99375
10499 96.99375
10506 95.325005
10512 95.325005
10518 96.05625
10524 97.162506
10530 97.162506
10540 94.912506
10543 95.45625
10547 95.45625
10553 96.881256
10558 96.881256
10564 95.606255
10570 95.606255
10577 97.89375
10583 95.025
10590 95.025
10595 94.33125
10599 94.33125
10605 95.0625
10612 94.200005
10616 94.200005
10622 95.175
10628 95.175
10634 95.175
10640 95.7375
10646 95.7375
10653 96.01875
10657 96.01875
10664 96.450005
10669 96.450005
10674 95.86875
10680 95.86875
10686 95.043755
10693 95.475006
10698 95.475006
10704 96.450005
10710 96.450005
10717 95.606255
10724 94.481255
10730 94.481255
10731 95.625
10740 95.625
10744 95.325005
10750 96.037506
10756 96.037506
10762 95.606255
10769 96.01875
10775 96.01875
10781 95.606255
10790 95.606255
10791 96.450005
10797 96.450005
10803 97.162506
10810 97.012505
10816 97.012505
10822 96.731255
10828 96.731255
10834 96.731255
10840 98.287506
10846 98.287506
10849 98.30625
10855 98.30625
10861 99.28126
10868 99.28126
10873 98.006256
10879 98.71876
10886 98.71876
10892 99.131256
10898 99.131256
10903 100.12501
10908 100.14375
10914 100.14375
10920 100.96876
10926 100.96876
10933 102.24375
10940 101.981255
10946 101.981255
10952 102.7125
10956 102.7125
10962 103.40626
10965 104.4
10972 104.4
10978 105.525
10984 105.525
10990 106.537506
10997 106.387505
11003 106.387505
11009 106.387505
11015 106.387505
11021 107.53126
11025 107.53126
11031 108.37501
11040 109.668755
11044 109.668755
11050 109.537506
11056 110.3625
11060 110.3625
11067 110.9625
11073 110.9625
11080 112.21876
11082 112.21876
11090 113.08125
11094 113.08125
11100 112.50001
11106 114.787506
11113 114.787506
11119 116.193756
11125 115.65
11131 115.65
11140 117.918755
11141 117.918755
11147 117.20625
11151 117.20625
11158 117.506256
11164 117.506256
11171 118.05
11176 117.075005
11183 117.075005
11190 117.65626
11195 117.93751
11197 117.93751
11203 117.93751
11210 118.21876
11216 118.65
11222 118.65
11229 118.65
11234 118.950005
11240 118.950005
11246 117.39375
11252 118.96876
11257 118.96876
11262 118.0875
11268 118.0875
11274 118.256256
11281 118.256256
11290 118.387505
11293 118.668755
11299 118.668755
11305 118.40626
11311 118.40626
11315 118.256256
11321 118.256256
11327 116.71876
11334 117.99375
11340 117.99375
11345 117.43125
11352 117.43125
11358 116.287506
11364 117.7125
11370 117.7125
11374 117.00001
11380 117.00001
11390 115.74375
11393 116.175
11397 116.175
11404 115.74375
11410 115.74375
11416 114.9
11422 114.9
11428 114.9
11432 114.05625
11440 114.05625
11444 114.76875
11451 113.756256
11457 113.756256
11463 114.4875
11467 114.4875
11473 114.20625
11480 113.193756
11485 113.193756
11490 114.05625
11496 114.05625
11501 113.34376
11507 113.34376
11513 113.3625
11520 114.637505
11526 114.637505
11532 112.93125
11540 112.93125
11544 111.37501
11547 111.37501
11553 112.50001
11560 112.8
11565 112.8
11571 112.65
11578 112.65
11584 114.05625
11590 113.3625
11596 113.3625
11602 114.37501
11604 114.37501
11610 112.350006
11616 112.350006
11623 113.62501
11630 113.34376
11635 113.34376
11641 115.6125
11648 114.3375
11654 114.3375
11660 114.918755
11664 114.918755
11670 113.3625
11676 113.3625
11682 113.06251
11690 114.037506
11695 114.037506
11701 113.64375
11707 115.350006
11711 115.350006
11717 112.631256
11721 112.631256
11727 114.356255
11733 114.356255
11740 113.925
11746 114.918755
11752 114.918755
11758 113.775
11764 113.775
11770 114.20625
11776 114.075005
11781 114.075005
11790 114.075005
11793 114.318756
11799 114.05625
11805 114.61875
11811 114.61875
11817 114.918755
11823 114.918755
11829 114.76875
11835 114.76875
11840 114.76875
11845 114.9
11852 114.9
11858 115.74375
11864 114.76875
11870 114.76875
11877 115.50001
11883 115.50001
11890 114.20625
11894 114.20625
11903 113.775
11906 114.46876
11912 114.46876
11919 113.06251
11925 114.76875
11931 114.76875
11940 114.61875
11943 114.61875
11949 114.4875
11955 115.33125
11959 115.33125
11965 114.05625
11971 114.05625
11977 113.193756
11983 113.193756
11990 113.08125
11996 115.200005
12002 114.4875
12008 114.4875
12012 114.4875
12020 114.61875
12024 113.90626
12031 113.90626
12040 116.06251
12044 114.356255
12050 114.356255
12056 114.731255
12060 114.731255
12067 114.3375
12073 115.481255
12077 115.481255
12083 116.175
12090 116.175
12095 114.05625
12101 114.05625
12108 114.918755
12114 113.64375
12121 113.64375
12125 113.925
12131 113.925
12135 113.925
12141 114.3375
12147 114.3375
12153 115.350006
12160 115.350006
12167 114.918755
12171 114.918755
12177 114.787506
12184 114.76875
12190 114.76875
12193 114.037506
12199 114.037506
12205 113.193756
12212 113.193756
12218 114.76875
12224 113.775
12231 116.043755
12240 116.043755
12243 113.64375
12247 113.64375
12255 115.4625
12259 113.793755
12266 113.793755
12271 114.3375
12278 114.3375
12284 113.2125
12290 113.2125
12297 114.61875
12303 115.33125
12310 114.318756
12311 114.318756
12317 114.318756
12323 114.76875
12330 114.76875
12336 114.61875
12342 114.3375
12348 114.3375
12354 114.075005
12361 114.075005
12367 115.18125
12371 115.4625
12377 115.4625
12383 113.2125
12390 113.2125
12395 115.200005
12402 114.3375
12408 114.46876
12414 114.46876
12420 114.05625
12426 114.05625
12428 115.31251
12434 115.31251
12440 114.20625
12446 114.20625
12453 114.075005
12458 114.4875
12464 114.4875
12471 114.637505
12477 114.637505
12484 114.637505
12486 114.637505
12492 114.4875
12498 114.76875
12505 114.76875
12511 113.925
12518 113.925
12524 113.925
12529 115.762505
12536 115.762505
12542 114.46876
12546 114.05625
12552 114.05625
12557 114.637505
12564 114.637505
12570 113.925
12576 115.6125
12582 115.6125
12590 114.600006
12595 114.600006
12599 114.18751
12607 114.20625
12612 114.20625
12618 114.3375
12624 115.481255
12630 115.481255
12636 114.76875
12642 114.76875
12648 114.637505
12654 114.637505
12661 115.200005
12664 115.200005
12670 113.64375
12677 115.74375
12683 114.05625
12690 114.05625
12695 115.33125
12701 115.33125
12707 114.05625
12713 114.3375
12719 114.3375
12723 115.350006
12729 115.350006
12736 114.637505
12742 114.506256
12749 114.506256
12755 114.61875
12761 114.61875
12767 114.9
12773 114.20625
12779 114.20625
12780 114.20625
12790 113.775
12795 114.3375
12801 114.3375
12808 114.918755
12814 115.200005
12820 115.200005
12827 115.200005
12831 115.200005
12840 114.075005
12841 114.356255
12848 114.356255
12854 115.50001
12860 115.50001
12866 113.193756
12870 113.193756
12879 114.4875
12883 114.4875
12890 114.4875
12896 113.775
12900 113.775
12905 113.90626
12911 113.90626
12918 115.350006
12924 114.3375
12930 114.3375
12936 114.3375
12942 115.631256
12948 115.631256
12954 115.200005
12961 114.506256
12965 114.506256
12971 114.787506
12977 114.787506
12984 114.76875
12990 113.793755
12996 113.793755
13002 114.46876
13008 114.46876
13012 116.06251
13021 114.037506
13025 114.037506
13030 114.506256
13040 114.506256
13043 113.64375
13050 114.075005
13057 114.075005
13062 114.05625
13070 114.05625
13074 115.31251
13078 115.31251
13084 114.18751
13090 113.2125
13097 113.2125
13104 113.64375
13108 114.20625
13115 114.20625
13121 114.787506
13125 114.787506
13131 114.637505
13135 114.637505
13142 114.61875
13147 113.2125
13153 113.2125
13159 113.2125
13165 113.925
13171 114.46876
13177 114.46876
13184 114.20625
13190 114.75001
13194 114.75001
13200 114.76875
13206 114.76875
13212 114.075005
13218 114.318756
13224 114.318756
13230 114.787506
13236 114.4875
13242 114.4875
13248 114.3375
13253 114.3375
13259 113.793755
13265 113.793755
13271 114.225006
13277 114.225006
13283 114.46876
13290 113.775
13295 113.775
13302 114.600006
13308 114.075005
13312 114.075005
13318 114.20625
13324 114.20625
13330 113.2125
13340 113.62501
13343 113.62501
13349 114.4875
13354 114.4875
13360 113.775
13366 112.93125
13370 112.93125
13376 113.3625
13383 113.3625
13390 111.525
13395 113.64375
13401 113.64375
13407 112.65
13413 112.21876
13419 112.21876
13425 111.506256
13429 111.506256
13434 110.25001
13440 110.25001
13447 109.818756
13453 109.818756
13460 109.818756
13465 108.693756
13471 108.693756
13477 108.131256
13483 108.131256
13491 107.568756
13493 107.568756
13499 106.293755
13505 107.137505
13512 107.137505
13518 106.162506
13524 105.450005
13530 105.450005
13536 104.475006
13542 103.068756
13544 103.068756
13550 103.068756
13556 101.2125
13563 101.49375
13569 101.49375
13575 98.793755
13581 98.793755
13590 97.96876
13593 97.93125
13599 97.93125
13604 95.418755
13609 95.418755
13616 95.26875
13621 95.26875
13628 94.125
13634 92.15625
13640 92.15625
13645 91.59375
13651 91.3125
13657 91.3125
13661 90.037506
13667 90.037506
13673 90.037506
13680 90.037506
13686 88.481255
13692 88.05
13700 88.05
13704 87.075005
13710 87.075005
13716 87.356255
13718 87.356255
13724 85.8
13730 85.40625
13736 85.40625
13742 85.51875
13749 85.51875
13755 84.1125
13761 85.2375
13767 85.2375
13773 82.8375
13775 82.8375
13782 83.9625
13790 83.9625
13793 83.55
13800 83.55
13806 82.40625
13812 80.981255
13819 80.981255
13825 82.6875
13832 81.7125
13836 81.7125
13842 79.875
13849 79.875
13855 79.443756
13861 78.3
13867 78.3
13871 77.887505
13877 77.887505
13884 77.887505
13890 76.4625
13893 76.4625
13899 75.600006
13905 75.600006
13911 74.193756
13917 74.193756
13923 75.3375
13930 73.200005
13935 73.200005
13942 72.637505
13948 72.4875
13950 72.4875
13956 72.4875
13962 70.0875
13969 68.943756
13975 68.943756
13981 69.506256
13990 69.506256
13994 67.8
14000 65.26875
14006 65.26875
14010 64.125
14016 64.125
14022 62.68125
14028 60.7125
14034 60.7125
14040 60.000004
14047 58.706253
14053 58.706253
14059 55.893753
14065 55.893753
14068 54.862503
14074 54.862503
14081 54.018753
14090 52.050003
14093 52.050003
14099 52.631252
14105 52.068752
14112 52.068752
14118 52.631252
14124 52.068752
14128 52.068752
14134 52.068752
14141 52.050003
14147 53.04375
14153 52.48125
14157 52.48125
14164 52.48125
14170 53.04375
14177 53.04375
14184 53.04375
14190 53.175003
14194 53.175003
14200 52.7625
14206 51.35625
14213 51.35625
14217 52.631252
14223 52.631252
14230 52.7625
14235 52.050003
14242 52.050003
14245 53.325
14251 53.325
14257 52.7625
14264 53.625004
14269 53.625004
14275 54.318752
14281 54.318752
14290 52.331253
14294 53.5875
14300 53.5875
14302 52.331253
14309 52.331253
14314 52.2
14320 52.2
14326 53.062504
14332 52.18125
14340 52.18125
14344 52.18125
14350 52.18125
14356 52.48125
14360 52.48125
14366 52.612503
14373 52.612503
14379 51.187504
14385 51.768753
14390 51.768753
14397 52.7625
14403 51.225002
14410 51.225002
14415 52.2
14419 52.2
14425 53.325
14432 51.206253
14440 51.206253
14444 52.631252
14450 52.631252
14457 52.48125
14460 52.48125
14467 53.475002
14473 53.756252
14477 53.756252
14483 51.05625
14490 51.05625
14496 52.18125
14502 52.74375
14508 52.74375
14514 51.750004
14520 51.750004
14524 51.6375
14531 52.74375
14535 52.74375
14541 52.912502
14547 52.912502
14554 52.068752
14560 51.61875
14566 51.61875
14572 51.768753
14576 51.768753
14582 52.48125
14590 52.48125
14592 50.925003
14598 50.925003
14604 52.331253
14611 52.050003
14617 52.050003
14623 52.7625
14629 53.193752
14635 53.193752
14641 52.2
14648 52.2
14649 53.04375
14655 53.04375
14662 51.787502
14668 51.787502
14674 52.7625
14680 53.175003
14690 53.175003
14692 52.74375
14699 52.74375
14705 51.787502
14708 52.912502
14715 52.912502
14721 52.2
14726 52.2
14733 51.768753
14740 52.331253
14745 52.331253
14751 52.331253
14758 52.331253
14764 52.050003
14768 52.050003
14775 52.612503
14781 52.2
14790 52.2
14793 52.612503
14797 52.500004
14804 52.500004
14809 53.475002
14817 53.04375
14822 53.04375
14827 52.2
14833 52.2
14840 52.612503
14845 52.612503
14851 51.35625
14857 53.475002
14863 53.475002
14870 52.74375
14876 50.925003
14882 50.925003
14884 50.925003
14890 53.5875
14896 51.35625
14902 51.35625
14908 52.612503
14914 52.050003
14921 52.050003
14927 53.04375
14933 52.050003
14940 52.050003
14941 52.050003
14947 52.2
14954 51.506252
14960 51.506252
14966 52.48125
14972 52.48125
14978 52.4625
14984 52.4625
14990 52.7625
14997 53.04375
15001 53.04375
15007 51.768753
15014 52.631252
15020 52.631252
15027 52.7625
15031 52.7625
15040 52.74375
15043 52.74375
15049 53.325
15056 53.062504
15060 53.062504
15067 52.912502
15073 53.04375
15077 53.04375
15084 52.350002
15090 52.350002
15097 51.506252
15104 52.4625
15107 52.4625
15113 52.48125
15118 52.48125
15124 52.912502
15131 52.912502
15140 52.4625
15143 50.925003
15149 50.925003
15154 52.068752
15160 52.068752
15167 52.48125
15174 51.487503
15175 51.487503
15181 52.893753
15190 52.893753
15193 53.175003
15200 53.175003
15206 52.781254
15212 52.18125
15218 52.18125
15224 52.2
15230 52.2
15234 52.031254
15240 52.2
15246 52.2
15253 52.612503
15259 52.612503
15265 52.7625
15271 52.7625
15278 52.7625
15281 52.912502
15290 52.912502
15291 52.4625
15299 52.4625
15303 51.225002
15309 51.225002
15316 52.331253
15321 52.631252
15328 52.631252
15335 52.48125
15340 51.787502
15347 51.787502
15349 52.331253
15355 52.331253
15361 53.193752
15368 53.193752
15374 51.6375
15380 52.331253
15390 52.331253
15392 51.768753
15399 51.768753
15405 51.768753
15408 52.2
15414 52.2
15420 52.48125
15427 52.48125
15433 52.631252
15440 52.631252
15446 52.912502
15452 51.768753
15457 51.768753
15463 52.350002
15464 52.350002
15472 51.487503
15479 51.487503
15485 52.7625
15491 51.768753
15497 52.631252
15503 52.631252
15510 52.2
15517 52.2
15520 52.350002
15528 52.631252
15533 52.631252
15540 52.48125
15545 52.48125
15551 52.612503
15557 52.893753
15563 52.893753
15570 50.925003
15576 50.925003
15582 51.487503
15583 51.487503
15592 51.3375
15598 52.068752
15604 52.068752
15610 53.193752
15616 53.193752
15622 53.193752
15629 53.193752
15635 53.193752
15644 52.781254
15645 51.225002
15651 51.225002
15657 51.35625
15663 51.35625
15669 52.631252
15675 52.631252
15681 53.04375
15690 52.331253
15693 52.331253
15699 52.7625
15704 52.7625
15709 53.60625
15716 51.6375
15722 51.6375
15728 52.331253
15734 52.331253
15741 51.768753
15747 52.18125
15753 52.18125
15759 52.48125
15763 52.48125
15769 51.61875
15776 52.331253
15782 52.331253
15790 53.60625
15793 52.500004
15799 52.500004
15805 52.050003
15812 52.050003
15818 52.500004
15821 52.500004
15828 52.48125
15834 52.612503
15840 52.612503
15846 52.2
15853 52.2
15860 51.206253
15864 51.206253
15870 51.61875
15877 51.6375
15879 51.6375
15885 51.206253
15891 53.04375
15897 53.04375
15904 53.04375
15910 53.04375
15916 52.48125
15922 52.218754
15928 52.218754
15934 51.768753
15940 51.768753
15945 52.4625
15951 52.4625
15957 53.062504
15963 52.4625
15969 52.4625
15975 52.74375
15981 52.050003
15990 52.050003
15993 52.18125
15998 52.18125
16004 52.331253
16011 52.331253
16016 53.156254
16023 51.750004
16029 51.750004
16035 52.74375
16040 51.73125
16045 51.73125
16052 51.468754
16056 51.468754
16062 53.006252
16068 53.006252
16074 50.756252
16080 52.275
16086 52.275
16093 52.55625
16099 52.55625
16105 52.85625
16111 53.41875
16115 53.41875
16121 53.100002
16127 53.100002
16134 52.818752
16140 53.081253
16146 53.081253
16151 53.081253
16157 53.081253
16164 53.343754
16170 53.343754
16175 53.343754
16181 53.625004
16190 53.625004
16192 52.593754
16198 52.593754
16204 51.61875
16210 52.4625
16216 52.4625
16223 54.000004
16229 53.268753
16233 53.268753
16240 52.8375
16245 52.8375
16251 52.537502
16258 53.250004
16263 53.250004
16270 52.500004
16275 52.500004
16281 51.956253
16290 52.2
16291 52.2
16298 51.91875
16303 51.91875
16310 52.893753
16316 52.893753
16322 52.593754
16328 52.593754
16334 52.593754
16340 52.875004
16347 53.006252
16348 53.006252
16357 53.006252
16361 53.550003
16367 53.41875
16373 53.41875
16379 53.268753
16385 53.381252
16392 53.381252
16398 53.812504
16404 51.937504
16406 51.937504
16412 51.937504
16419 51.937504
16424 51.937504
16430 53.2125
16440 51.787502
16442 51.787502
16449 52.893753
16455 51.937504
16460 51.937504
16465 51.937504
16471 52.725002
16477 53.1375
16483 53.1375
16490 54.581253
16495 53.268753
16501 53.268753
16507 53.11875
16514 53.11875
16520 53.250004
16524 53.250004
16530 52.95
16537 52.800003
16542 52.800003
16548 53.062504
16554 55.18125
16561 55.18125
16567 53.325
16573 53.325
16579 53.60625
16583 53.60625
16590 52.875004
16595 53.86875
16601 53.86875
16607 54.843754
16613 53.568752
16620 53.568752
16625 54.24375
16632 54.24375
16640 54.956253
16642 54.956253
16648 54.525
16654 55.36875
16660 55.36875
16667 54.225002
16673 53.925003
16679 53.925003
16684 55.068752
16690 55.068752
16696 56.325
16700 56.325
16706 55.612503
16712 55.18125
16718 55.18125
16724 54.600002
16730 55.18125
16736 55.18125
16743 56.156254
16749 56.156254
16755 56.737503
16759 56.437504
16765 56.437504
16771 55.875004
16777 55.875004
16783 56.568752
16790 56.568752
16795 57.131252
16802 56.1375
16808 56.1375
16813 57.54375
16818 57.54375
16824 56.98125
16831 56.98125
16840 55.987503
16843 57.54375
16849 57.54375
16853 56.568752
16860 56.568752
16867 56.006252
16872 55.706253
16876 55.706253
16883 56.98125
16890 56.1375
16895 56.1375
16902 57.2625
16907 56.4
16911 56.4
16919 56.4
16923 56.568752
16929 55.85625
16933 55.85625
16940 55.29375
16945 55.29375
16951 55.0125
16957 55.0125
16964 56.41875
16970 55.875004
16976 55.875004
16983 56.98125
16990 55.85625
16992 55.85625
16999 56.268753
17005 56.268753
17010 55.706253
17017 55.706253
17023 55.85625
17029 55.706253
17036 55.706253
17041 55.875004
17047 55.875004
17052 55.29375
17058 56.437504
17064 56.437504
17070 55.8375
17076 55.8375
17082 56.98125
17090 55.143753
17095 55.143753
17101 56.437504
17107 57.412502
17111 57.412502
17117 54.99375
17123 54.99375
17129 56.11875
17136 56.11875
17142 54.7125
17148 56.7
17154 56.7
17160 55.275
17166 56.4
17170 56.4
17176 56.7
17182 56.7
17190 56.268753
17195 56.268753
17200 55.987503
17206 54.562504
17212 54.562504
17219 57.24375
17225 55.987503
17229 55.987503
17236 55.818752
17241 55.818752
17248 56.4
17254 56.4
17260 57.131252
17264 56.531254
17271 56.531254
17277 55.706253
17284 56.4
17290 56.4
17294 56.4
17300 56.9625
17306 56.4
17312 56.4
17318 57.093754
17324 57.24375
17330 57.24375
17340 57.393753
17343 57.24375
17347 57.24375
17353 57.112503
17359 57.112503
17365 57.375004
17371 57.375004
17377 57.2625
17384 56.550003
17390 56.550003
17394 57.24375
17401 57.24375
17404 55.968754
17411 55.968754
17417 57.975002
17423 57.525
17429 57.525
17435 57.24375
17441 57.24375
17447 56.41875
17453 57.112503
17460 57.112503
17464 56.9625
17470 56.9625
17477 57.393753
17483 55.987503
17490 55.987503
17495 55.968754
17500 55.968754
17505 57.393753
17512 57.80625
17518 57.80625
17522 56.98125
17528 56.98125
17534 56.11875
17540 56.11875
17546 57.675003
17552 57.675003
17558 57.675003
17564 58.518753
17570 57.093754
17576 57.093754
17580 56.68125
17590 56.68125
17593 56.100002
17599 56.100002
17605 55.687504
17611 57.393753
17618 57.393753
17623 57.675003
17629 57.675003
17636 57.506252
17640 57.506252
17646 56.943752
17652 57.24375
17658 57.24375
17664 56.68125
17670 57.2625
17676 57.2625
17682 57.2625
17690 57.525
17695 57.525
17699 55.256252
17706 55.256252
17711 56.9625
17718 56.9625
17724 56.9625
17730 56.550003
17735 56.550003
17741 57.80625
17747 57.80625
17754 57.525
17755 57.525
17761 56.9625
17768 56.23125
17774 56.23125
17780 57.24375
17786 57.24375
17792 57.525
17798 56.100002
17804 56.100002
17811 57.393753
17814 57.393753
17821 56.68125
17827 57.956253
17832 57.956253
17840 57.393753
17845 57.393753
17851 54.99375
17857 57.693752
17863 57.693752
17869 56.68125
17873 56.68125
17880 57.112503
17886 56.550003
17893 56.550003
17898 56.100002
17904 56.100002
17911 55.687504
17916 54.843754
17922 54.843754
17928 55.968754
17932 55.968754
17940 57.281254
17945 56.4
17951 56.4
17957 55.0125
17964 55.0125
17970 56.41875
17976 56.11875
17981 56.11875
17990 56.550003
17992 56.550003
17998 55.968754
18004 55.256252
18010 55.256252
18017 55.8375
18023 55.8375
18029 55.256252
18034 57.825
18040 57.825
18047 55.8375
18051 55.8375
18057 57.975002
18064 57.562504
18070 57.562504
18076 55.987503
18083 55.987503
18090 56.98125
18093 56.98125
18100 56.68125
18105 56.550003
18110 56.550003
18115 56.9625
18121 56.9625
18128 56.11875
18134 56.100002
18140 56.100002
18146 57.54375
18153 56.4
18159 56.4
18165 56.4
18169 56.4
18175 56.550003
18181 56.550003
18190 56.9625
18193 56.381252
18199 56.381252
18205 56.4
18211 56.4
18218 56.531254
18224 57.2625
18228 57.2625
18234 57.24375
18240 57.24375
18246 56.7
18253 57.80625
18259 57.80625
18265 57.375004
18270 57.375004
18276 56.41875
18283 57.24375
18290 57.24375
18293 58.3875
18299 58.3875
18307 57.675003
18311 56.550003
18317 56.550003
18323 56.268753
18329 56.268753
18335 56.531254
18341 56.100002
18345 56.100002
18351 56.250004
18357 56.250004
18363 57.675003
18370 57.112503
18376 57.112503
18381 56.550003
18390 56.550003
18392 56.9625
18398 56.100002
18403 56.100002
18408 55.706253
18414 55.706253
18420 55.987503
18426 55.987503
18432 56.98125
18440 56.98125
18445 56.7
18451 57.112503
18457 57.112503
18461 56.531254
18467 56.531254
18473 57.112503
18479 56.9625
18485 56.9625
18490 55.968754
18497 55.968754
18503 58.10625
18510 56.1375
18516 56.1375
18520 57.525
18526 57.525
18532 58.500004
18540 56.11875
18544 56.11875
18550 57.80625
18557 57.412502
18563 57.412502
18567 56.9625
18573 56.9625
18580 57.093754
18583 57.093754
18590 56.381252
18596 56.381252
18602 56.550003
18610 56.68125
18615 56.68125
18621 57.24375
18627 57.24375
18634 57.075
18640 57.075
18644 57.506252
18651 57.675003
18656 57.525
18663 57.525
18667 56.250004
18673 56.250004
18679 56.381252
18685 56.381252
18691 56.943752
18694 56.943752
18699 56.943752
18706 56.943752
18714 55.968754
18718 55.818752
18725 55.818752
18730 55.66875
18741 56.925003
18742 56.925003
18750 56.250004
18754 56.250004
18760 55.518753
18765 56.381252
18771 56.381252
18777 56.5125
18783 56.5125
18790 56.100002
18796 55.218754
18803 55.218754
18807 56.081253
18814 56.081253
18820 56.5125
18826 56.100002
18832 56.100002
18836 56.662502
18842 56.662502
18848 56.23125
18854 55.66875
18860 55.66875
18866 56.5125
18870 56.5125
18877 56.943752
18883 56.943752
18890 55.95
18895 56.362503
18901 56.362503
18907 57.225002
18913 57.075
18919 57.075
18925 57.6375
18929 57.6375
18935 56.643753
18941 56.643753
18947 55.800003
18953 56.643753
18959 56.643753
18965 56.081253
18971 56.081253
18977 56.2125
18983 56.062504
18990 56.062504
18993 55.93125
19000 55.93125
19006 56.49375
19012 56.49375
19019 56.49375
19025 57.487503
19031 57.487503
19035 56.643753
19041 56.925003
19045 56.925003
19052 56.925003
19057 57.6375
19063 56.193752
19069 56.193752
19076 56.2125
19082 56.362503
19090 56.362503
19094 56.2125
19100 56.2125
19104 56.081253
19110 55.65
19117 55.65
19123 56.906254
19129 56.906254
19135 57.037502
19140 56.062504
19147 56.062504
19153 55.500004
19159 55.500004
19163 56.49375
19169 56.49375
19175 56.49375
19181 56.362503
19190 56.362503
19194 55.800003
19200 53.68125
19206 53.68125
19213 53.4
19217 53.4
19225 55.781254
19229 54.80625
19235 54.80625
19241 54.393753
19247 54.393753
19253 54.956253
19259 53.11875
19265 53.11875
19271 52.55625
19278 52.55625
19282 51.300003
19290 51.300003
19293 52.031254
19300 53.30625
19306 53.30625
19312 51.3375
19318 52.74375
19326 52.74375
19330 53.906254
19340 53.2125
19341 53.2125
19347 53.906254
19353 53.906254
19360 54.3375
19366 53.23125
19372 53.23125
19377 54.768753
19382 54.768753
19390 55.893753
19395 55.631252
19399 55.631252
19405 54.768753
19411 54.768753
19418 56.756252
19423 56.756252
19429 55.781254
19436 56.193752
19441 56.193752
19448 56.343754
19454 56.343754
19457 57.35625
19464 57.35625
19470 56.79375
19477 56.643753
19482 56.643753
19490 57.768753
19494 57.05625
19501 57.05625
19505 58.050003
19511 58.050003
19516 58.050003
19522 56.643753
19528 57.075
19533 57.075
19540 57.91875
19546 58.068752
19552 58.068752
19558 58.068752
19564 58.7625
19570 58.7625
19574 58.7625
19580 58.2
19586 58.218754
19592 58.218754
19599 58.500004
19605 58.781254
19611 58.781254
19617 57.937504
19621 57.937504
19627 57.206253
19631 57.206253
19640 57.506252
19643 58.050003
19650 58.050003
19656 58.631252
19660 58.631252
19666 58.612503
19672 58.612503
19678 56.5125
19685 57.91875
19690 57.91875
19695 58.781254
19701 58.800003
19707 58.800003
19713 59.062504
19720 59.062504
19727 57.787502
19731 57.91875
19740 57.91875
19743 59.362503
19747 59.362503
19753 58.0875
19760 58.0875
19766 56.68125
19772 57.24375
19778 57.24375
19784 56.831253
19790 56.831253
19797 57.393753
19804 57.975002
19805 57.975002
19813 57.2625
19820 57.2625
19826 57.112503
19832 57.2625
19840 57.2625
19842 56.831253
19849 56.831253
19854 57.15
19860 56.7
19864 56.7
19870 56.7
19876 56.437504
19882 56.5875
19890 56.41875
19894 56.41875
19901 54.3375
19907 54.3375
19913 54.037502
19919 54.037502
19924 54.600002
19930 55.162502
19934 55.162502
19941 55.031254
19946 55.031254
19953 55.4625
19959 54.600002
19965 54.600002
19970 53.325
19977 53.325
19981 54.318752
19990 54.318752
19994 54.881252
20000 55.18125
20006 55.18125
20012 55.0125
20018 55.0125
20024 55.4625
20030 54.73125
20034 54.73125
20042 55.031254
20046 55.031254
20053 55.443752
20059 55.443752
20064 54.318752
20071 54.881252
20077 55.162502
20083 55.162502
20090 55.443752
20095 55.443752
20098 55.443752
20104 55.050003
20110 54.61875
20116 54.61875
20122 55.050003
20128 53.475002
20135 53.475002
20140 55.312504
20147 54.750004
20153 54.750004
20157 54.750004
20163 53.737503
20169 54.45
20174 54.45
20181 54.037502
20190 53.456253
20193 53.456253
20199 55.18125
20205 55.18125
20211 54.61875
20215 55.031254
20221 55.031254
20227 54.600002
20233 54.600002
20240 54.468754
20245 54.468754
20252 53.756252
20259 55.031254
20264 55.162502
20270 55.162502
20275 55.725002
20283 55.725002
20290 55.725002
20294 55.725002
20299 54.881252
20305 53.737503
20312 53.737503
20316 55.706253
20322 55.706253
20329 55.74375
20333 55.74375
20340 55.74375
20344 55.74375
20351 54.750004
20357 54.61875
20363 54.61875
20369 56.156254
20375 54.581253
20381 54.581253
20390 53.456253
20392 53.456253
20398 55.4625
20404 54.750004
20410 54.750004
20417 54.318752
20423 54.318752
20430 53.60625
20434 54.45
20440 54.45
20447 54.600002
20453 54.600002
20457 54.9
20463 55.031254
20470 55.031254
20475 55.312504
20481 54.750004
20490 54.750004
20493 55.312504
20500 55.312504
20506 55.031254
20510 55.031254
20516 54.881252
20522 54.9
20529 54.9
20534 54.018753
20541 54.018753
20547 54.750004
20553 55.875004
20559 55.18125
20563 55.18125
20571 55.162502
20575 55.162502
20581 54.581253
20590 54.581253
20594 56.175003
20600 56.175003
20606 55.162502
20612 54.3375
20618 54.3375
20624 54.45
20628 54.45
20634 54.881252
20641 54.881252
20647 54.581253
20653 55.031254
20659 55.031254
20666 55.0125
20672 54.037502
20676 54.037502
20683 54.750004
20690 54.750004
20693 54.3375
20699 54.318752
20705 54.318752
20711 55.0125
20717 54.881252
20724 54.881252
20730 55.312504
20736 55.312504
20740 54.300003
20749 55.0125
20753 55.0125
20759 54.600002
20765 54.600002
20771 53.5875
20778 53.5875
20784 55.031254
20790 55.312504
20794 55.312504
20800 54.73125
20804 54.73125
20810 55.031254
20816 55.031254
20822 55.143753
20829 54.318752
20835 54.318752
20841 54.600002
20848 55.725002
20854 55.725002
20861 53.475002
20864 53.475002
20870 55.031254
20876 55.031254
20883 54.318752
20890 55.031254
20895 55.031254
20900 55.331253
20906 55.29375
20911 55.29375
20918 54.750004
20922 54.750004
20928 54.318752
20934 54.318752
20940 53.8875
20948 55.312504
20952 55.312504
20959 55.0125
20965 55.0125
20969 55.0125
20976 55.74375
20980 55.74375
20991 54.300003
20993 54.300003
20999 54.61875
21005 55.031254
21009 55.031254
21016 55.18125
21022 55.18125
21028 53.8875
21035 55.312504
21040 55.312504
21045 55.312504
21051 55.312504
21057 54.61875
21063 54.61875
21070 54.881252
21076 54.600002
21080 54.600002
21090 55.312504
21093 55.312504
21097 54.750004
21103 54.750004
21110 56.287502
21117 55.4625
21122 55.4625
21126 55.031254
21132 55.031254
21140 55.162502
21145 54.037502
21151 54.037502
21155 55.875004
21161 55.875004
21168 54.750004
21173 54.750004
21179 55.0125
21186 55.331253
21192 55.331253
21196 54.45
21202 54.45
21208 54.318752
21212 54.318752
21219 55.725002
21224 55.312504
21231 55.312504
21240 56.1375
21242 54.600002
21249 54.600002
21255 55.725002
21261 55.725002
21268 54.9
21269 54.9
21275 53.737503
21281 53.737503
21290 56.175003
21293 54.881252
21300 54.881252
21306 54.600002
21314 55.74375
21320 55.74375
21325 54.45
21334 54.881252
21340 54.881252
21342 55.443752
21349 55.443752
21354 56.025
21361 55.74375
21368 55.74375
21374 54.45
21380 54.45
21386 56.30625
21390 56.30625
21395 55.725002
21401 55.443752
21407 55.443752
21412 55.031254
21419 55.031254
21425 54.73125
21431 55.312504
21440 55.312504
21443 55.725002
21448 55.725002
21456 55.143753
21460 55.29375
21467 55.29375
21473 55.162502
21479 55.29375
21483 55.29375
21490 54.73125
21496 54.73125
21502 53.5875
21503 53.5875
21510 55.74375
21516 55.74375
21522 55.29375
21528 55.29375
21534 55.29375
21541 54.43125
21547 54.43125
21553 55.162502
21559 55.0125
21563 55.0125
21569 55.875004
21575 55.875004
21582 54.7125
21590 55.031254
21594 55.031254
21600 55.162502
21606 55.162502
21612 55.143753
21617 54.600002
21625 54.600002
21628 53.475002
21635 53.475002
21640 54.73125
21646 54.73125
21652 53.625004
21659 53.60625
21665 54.750004
21671 54.750004
21677 54.318752
21682 54.318752
21690 53.8875
21694 53.8875
21701 53.456253
21707 53.775
21713 53.775
21718 53.193752
21724 53.193752
21730 53.2125
21736 53.2125
21740 51.656254
21747 53.625004
21753 53.625004
21759 52.781254
21764 52.781254
21770 50.9625
21776 52.406254
21782 52.406254
21790 52.237503
21794 53.4
21798 53.4
21804 53.4
21810 52.575
21816 52.29375
21822 52.29375
21829 52.725002
21834 52.443752
21840 52.443752
21847 52.331253
21853 52.331253
21857 52.631252
21863 52.631252
21869 52.631252
21876 52.781254
21881 52.781254
21890 52.781254
21894 52.781254
21900 52.406254
21904 53.4
21911 53.4
21914 51.862503
21921 51.862503
21927 53.006252
21933 52.443752
21940 52.443752
21945 52.162502
21952 52.162502
21958 53.8875
21964 53.8875
21970 53.756252
21971 53.756252
21978 52.218754
21984 52.818752
21990 52.818752
21996 52.800003
22003 52.55625
22009 52.55625
22014 53.250004
22020 53.250004
22027 52.725002
22031 52.725002
22040 52.875004
22043 52.74375
22049 52.74375
22055 51.05625
22061 51.05625
22067 52.162502
22073 52.218754
22079 52.218754
22085 54.206253
22090 54.206253
22096 53.23125
22102 51.675003
22108 51.675003
22114 53.550003
22120 53.550003
22126 53.100002
22132 53.98125
22140 53.98125
22144 52.575
22148 52.575
22155 52.85625
22161 52.593754
22167 52.593754
22173 53.456253
22180 53.175003
22190 53.175003
22191 53.193752
22197 53.193752
22203 53.2125
22207 53.2125
22213 53.343754
22219 53.79375
22225 53.79375
22231 52.518753
22241 52.518753
22243 53.662502
22249 53.662502
22255 53.943752
22261 52.968754
22265 52.968754
22272 53.550003
22278 53.550003
22285 54.000004
22291 54.281254
22297 54.281254
22303 53.156254
22307 53.156254
22313 54.000004
22320 53.475002
22324 53.475002
22330 54.15
22335 54.15
22341 54.037502
22347 54.206253
22353 54.206253
22360 54.487503
22366 54.487503
22373 54.206253
22379 53.925003
22383 53.925003
22390 54.61875
22395 54.61875
22401 54.787502
22407 54.35625
22414 54.35625
22420 54.80625
22426 55.350002
22433 55.350002
22440 55.93125
22445 55.93125
22449 55.631252
22455 55.631252
22462 55.068752
22469 55.068752
22473 56.49375
22481 58.500004
22486 58.500004
22494 58.500004
22498 56.49375
22505 56.49375
22511 56.643753
22517 57.3375
22522 57.3375
22529 58.068752
22535 58.631252
22541 58.631252
22547 58.18125
22553 58.18125
22558 58.18125
22562 56.906254
22568 56.2125
22574 56.081253
22583 56.081253
22590 56.49375
22593 56.49375
22598 58.331253
22604 58.331253
22610 57.075
22620 56.625004
22627 57.487503
22632 57.487503
22634 57.487503
22640 58.48125
22643 56.625004
22649 56.625004
22654 56.756252
22660 56.756252
22666 57.037502
22672 57.037502
22677 56.775
22683 56.775
22690 55.0875
22694 56.062504
22700 56.062504
22709 58.18125
22712 58.18125
22718 55.500004
22724 56.49375
22729 56.49375
22735 55.65
22741 55.65
22747 56.49375
22752 55.218754
22758 55.218754
22763 54.375004
22769 54.375004
22775 54.787502
22781 54.787502
22786 55.65
22790 55.65
22797 54.656254
22803 55.2
22809 55.2
22814 56.475002
22820 56.475002
22826 56.2125
22832 55.36875
22840 55.36875
22844 55.237503
22848 55.237503
22854 56.79375
22860 56.79375
22866 54.787502
22872 55.218754
22878 55.218754
22884 55.068752
22890 55.218754
22896 55.218754
22902 56.193752
22906 56.193752
22912 54.075
22918 54.075
22924 54.35625
22931 55.237503
22940 55.237503
22943 54.506252
22949 54.506252
22955 55.068752
22961 55.48125
22965 55.48125
22971 55.350002
22977 55.350002
22983 54.225002
22990 55.237503
22996 55.237503
23002 55.10625
23008 55.10625
23014 55.65
23020 55.36875
23024 55.36875
23030 55.48125
23040 55.48125
23043 53.662502
23049 55.068752
23054 55.068752
23060 55.068752
23066 55.218754
23073 53.662502
23079 55.631252
23084 55.631252
23090 55.350002
23095 55.350002
23102 56.062504
23108 56.062504
23112 55.068752
23118 54.656254
23124 54.656254
23130 54.093754
23140 54.093754
23141 55.518753
23147 55.518753
23153 54.525
23160 54.225002
23166 55.0875
23172 55.0875
23178 54.80625
23184 54.80625
23190 54.656254
23196 54.787502
23200 54.787502
23207 55.068752
23213 55.068752
23219 54.768753
23223 54.768753
23229 54.656254
23236 54.506252
23242 54.506252
23248 55.218754
23254 55.218754
23258 54.656254
23264 54.656254
23270 55.36875
23276 54.80625
23282 54.80625
23290 53.531254
23295 53.531254
23301 55.500004
23305 55.500004
23311 55.068752
23315 55.068752
23321 55.068752
23327 55.218754
23333 53.662502
23340 53.662502
23345 55.93125
23351 55.93125
23358 55.0875
23364 55.48125
23370 55.48125
23374 55.800003
23380 55.800003
23386 53.531254
23392 53.531254
23398 55.350002
23404 55.65
23410 55.65
23417 55.068752
23423 55.350002
23429 55.350002
23432 55.350002
23440 54.656254
23444 55.3875
23450 55.3875
23456 54.525
23462 55.781254
23469 55.781254
23475 55.7625
23481 55.7625
23490 54.6375
23491 54.6375
23497 55.218754
23503 55.068752
23510 55.068752
23515 57.037502
23521 57.037502
23528 54.80625
23534 54.787502
23540 54.787502
23546 55.2
23548 55.2
23554 54.093754
23560 56.2125
23566 56.2125
23572 55.800003
23578 55.800003
23584 55.7625
23591 55.7625
23597 56.062504
23603 54.35625
23607 54.35625
23613 55.500004
23619 55.500004
23625 55.218754
23632 54.375004
23640 54.375004
23644 55.95
23650 55.95
23656 56.49375
23662 55.256252
23666 55.256252
23671 56.062504
23677 56.062504
23684 56.2125
23690 55.818752
23696 55.818752
23702 55.800003
23708 55.800003
23714 57.375004
23720 55.95
23724 55.95
23730 55.95
23736 56.2125
23742 55.800003
23748 54.656254
23754 54.656254
23760 55.800003
23766 55.800003
23773 55.237503
23779 56.23125
23782 56.23125
23790 56.5125
23794 56.5125
23800 56.79375
23805 56.79375
23811 56.5125
23817 56.5125
23823 57.206253
23828 56.79375
23834 56.79375
23840 57.35625
23843 57.35625
23849 56.23125
23855 56.23125
23860 57.487503
23866 57.487503
23871 56.49375
23877 56.79375
23883 56.79375
23890 55.8375
23893 55.8375
23899 56.081253
23905 56.081253
23910 55.0875
23916 55.0875
23922 55.237503
23928 56.79375
23936 56.79375
23941 56.49375
23947 56.643753
23951 56.643753
23957 55.218754
23963 55.218754
23969 54.80625
23975 54.80625
23981 55.3875
23990 55.65
23993 55.65
24000 55.500004
24005 56.79375
24009 56.79375
24015 55.93125
24021 55.93125
24027 55.237503
24033 55.237503
24040 55.95
24046 55.350002
24052 55.350002
24058 55.800003
24064 55.800003
24068 56.2125
24074 56.2125
24080 55.93125
24087 54.80625
24093 54.80625
24099 56.23125
24105 56.23125
24111 55.781254
24116 55.218754
24121 55.218754
24126 56.643753
24132 56.643753
24140 55.781254
24145 55.65
24151 55.65
24157 55.518753
24161 55.518753
24167 56.081253
24173 56.081253
24180 55.0875
24184 55.237503
24190 55.237503
24196 54.787502
24202 56.2125
24208 56.2125
24214 54.225002
24220 54.225002
24226 54.80625
24232 54.80625
24241 55.65
24243 56.23125
24249 56.23125
24255 55.0875
24261 55.0875
24268 55.237503
24274 55.93125
24280 55.93125
24284 54.80625
24290 54.80625
24296 56.49375
24301 56.49375
24306 55.0875
24313 55.237503
24318 55.237503
24324 55.0875
24330 55.0875
24340 55.36875
24343 56.906254
24349 56.906254
24355 55.781254
24361 56.2125
24365 56.2125
24371 56.49375
24377 56.49375
24383 55.912502
24390 55.912502
24396 56.925003
24402 54.675003
24408 54.675003
24415 54.825
24418 54.825
24425 55.0875
24431 54.675003
24440 54.675003
24443 54.656254
24449 55.36875
24455 55.36875
24461 55.068752
24468 55.068752
24474 55.93125
24477 55.93125
24483 54.80625
24490 54.787502
24495 54.787502
24501 55.518753
24507 55.518753
24513 55.66875
24519 55.66875
24525 54.525
24532 53.943752
24536 53.943752
24542 54.506252
24548 54.506252
24554 54.506252
24560 55.36875
24566 55.36875
24572 54.375004
24578 55.518753
24584 55.518753
24590 56.2125
24594 56.2125
24601 53.943752
24606 53.943752
24613 55.36875
24619 55.500004
24625 55.500004
24631 54.093754
24640 54.656254
24643 54.656254
24650 54.506252
24654 54.506252
24660 55.237503
24666 55.237503
24672 54.206253
24678 54.525
24685 54.525
24690 55.068752
24697 55.068752
24701 54.093754
24707 54.525
24711 54.525
24717 57.075
24723 57.075
24729 55.65
24736 55.65
24742 55.36875
24748 57.075
24754 57.075
24760 54.225002
24766 54.675003
24770 54.675003
24777 54.525
24783 54.525
24790 55.10625
24795 55.631252
24801 55.631252
24808 55.068752
24814 55.068752
24820 55.537502
24824 55.537502
24832 55.65
24840 55.95
24843 55.95
24849 54.80625
24857 55.65
24861 55.65
24868 55.518753
24874 55.518753
24880 55.65
24886 55.631252
24890 55.631252
24897 55.0875
24903 54.093754
24909 54.093754
24913 54.093754
24919 56.49375
24925 55.0875
24932 55.0875
24940 55.218754
24944 55.800003
24948 55.800003
24954 54.093754
24960 54.093754
24966 55.93125
24972 55.93125
24979 55.781254
24985 53.79375
24991 53.79375
24997 54.675003
25001 54.675003
25010 55.518753
25014 54.506252
25020 54.506252
25026 55.0875
25032 54.393753
25040 54.393753
25044 55.218754
25051 55.218754
25057 54.656254
25063 54.393753
25067 54.393753
25073 55.36875
25080 55.36875
25086 55.218754
25092 55.218754
25096 55.93125
25103 55.218754
25109 55.218754
25115 55.3875
25122 54.225002
25126 54.225002
25132 56.062504
25140 56.062504
25144 55.350002
25151 54.093754
25157 54.093754
25164 55.66875
25169 55.66875
25173 53.79375
25180 53.79375
25184 55.518753
25190 55.518753
25196 54.24375
25203 54.80625
25209 54.80625
25213 55.800003
25219 55.631252
25225 55.631252
25231 54.24375
25240 54.24375
25241 55.2
25247 55.2
25253 54.80625
25259 54.80625
25265 54.80625
25271 55.0875
25277 55.0875
25284 55.65
25290 54.787502
25296 54.787502
25300 54.787502
25306 54.80625
25313 54.6375
25319 52.95
25325 52.95
25331 55.500004
25340 54.80625
25344 54.80625
25350 54.656254
25356 54.656254
25358 55.068752
25364 55.068752
25370 54.656254
25377 54.656254
25384 53.9625
25390 53.4
25395 53.4
25402 53.68125
25408 55.95
25414 55.95
25416 53.7
25422 53.7
25428 53.1375
25434 53.1375
25440 54.112503
25447 54.112503
25453 52.575
25459 51.15
25465 51.15
25472 51.300003
25477 51.43125
25484 51.43125
25490 51.43125
25494 51.43125
25500 50.006252
25506 51.43125
25512 51.43125
25518 49.725002
25524 49.725002
25531 50.006252
25535 50.006252
25541 50.98125
25547 51.131252
25553 51.131252
25559 51.43125
25565 51.43125
25572 50.568752
25578 50.437504
25584 50.437504
25590 50.41875
25591 50.41875
25598 50.98125
25604 50.98125
25610 51.693752
25617 51.693752
25623 51.54375
25629 50.550003
25635 50.550003
25641 52.800003
25647 52.36875
25652 52.36875
25657 53.11875
25664 53.11875
25670 52.518753
25676 53.943752
25682 53.943752
25690 53.23125
25694 53.643753
25700 53.643753
25706 52.66875
25710 52.66875
25716 53.5125
25722 53.5125
25729 55.068752
25735 53.643753
25742 53.643753
25748 54.075
25752 54.075
25758 54.506252
25764 54.6375
25765 54.6375
25772 54.35625
25778 54.35625
25784 55.331253
25790 55.331253
25796 55.893753
25802 56.60625
25808 56.60625
25814 55.612503
25821 55.612503
25825 57.412502
25831 57.412502
25840 56.850002
25843 56.1375
25849 56.1375
25855 56.4
25861 56.4
25868 56.550003
25873 56.98125
25880 56.98125
25884 58.66875
25890 58.66875
25896 56.531254
25902 56.98125
25909 56.98125
25915 56.362503
25921 58.068752
25927 58.068752
25931 56.643753
25940 56.643753
25941 56.643753
25947 56.643753
25954 56.775
25960 57.35625
25966 57.35625
25973 56.49375
25979 56.49375
25983 56.79375
25990 57.206253
25995 57.206253
26000 56.362503
26006 56.362503
26012 56.925003
26019 56.925003
26025 57.093754
26031 55.237503
26040 55.237503
26041 57.750004
26048 57.750004
26054 57.506252
26055 57.506252
26064 57.206253
26070 57.075
26076 57.075
26082 56.625004
26090 56.625004
26094 56.775
26100 56.925003
26106 56.925003
26112 55.93125
26117 56.362503
26123 56.362503
26129 56.475002
26135 56.475002
26142 56.943752
26146 56.943752
26153 56.362503
26159 54.506252
26165 54.506252
26171 55.631252
26173 55.631252
26181 56.362503
26190 56.362503
26193 55.95
26200 56.49375
26206 56.49375
26210 56.362503
26216 56.362503
26222 55.3875
26228 55.237503
26232 55.237503
26240 56.5125
26244 56.5125
26251 56.79375
26257 57.35625
26263 57.35625
26269 56.343754
26275 56.343754
26282 54.937504
26290 55.500004
26291 55.500004
26298 55.237503
26304 55.237503
26310 57.506252
26316 55.95
26322 55.95
26328 55.65
26334 55.65
26340 56.925003
26346 55.66875
26351 55.66875
26357 55.068752
26363 55.068752
26369 55.93125
26375 56.925003
26382 56.925003
26390 56.775
26394 56.775
26400 57.35625
26404 57.093754
26412 57.093754
26417 55.93125
26424 55.93125
26430 55.518753
26436 55.36875
26442 56.362503
26446 56.362503
26452 55.518753
26458 55.518753
26464 56.49375
26468 56.49375
26475 54.937504
26481 54.937504
26490 56.062504
26493 56.062504
26500 56.925003
26505 55.93125
26512 55.93125
26518 56.5125
26524 56.5125
26528 56.381252
26534 56.775
26540 56.775
26546 57.05625
26553 55.818752
26559 55.818752
26563 56.49375
26569 56.49375
26575 56.643753
26581 56.643753
26586 57.05625
26592 55.218754
26598 55.218754
26604 55.500004
26610 55.500004
26617 56.5125
26623 54.937504
26629 54.937504
26633 57.075
26640 57.075
26643 55.65
26649 55.65
26656 56.775
26661 53.68125
26668 53.68125
26673 55.518753
26679 55.518753
26686 57.768753
26692 56.943752
26698 56.943752
26702 56.100002
26709 56.100002
26715 56.943752
26721 56.643753
26727 56.643753
26733 56.081253
26740 56.081253
26745 57.206253
26752 57.206253
26757 57.206253
26761 56.79375
26767 56.79375
26774 56.49375
26780 55.65
26786 55.65
26792 55.95
26798 55.95
26805 55.237503
26811 55.800003
26817 55.800003
26821 55.65
26826 55.65
26833 56.625004
26840 56.625004
26845 57.225002
26851 55.95
26858 55.95
26864 56.062504
26870 55.93125
26876 55.93125
26878 55.93125
26884 55.350002
26890 56.625004
26896 56.625004
26903 55.93125
26909 55.800003
26915 55.800003
26921 56.625004
26928 56.362503
26933 56.362503
26940 57.35625
26943 57.35625
26950 55.93125
26956 55.93125
26962 57.3375
26969 56.381252
26975 56.081253
26979 56.081253
26986 56.081253
26992 56.5125
26996 56.5125
27002 56.5125
27008 56.925003
27015 56.925003
27021 55.350002
27027 57.35625
27031 57.35625
27040 56.362503
27043 56.362503
27050 55.237503
27053 55.237503
27060 56.381252
27066 55.10625
27072 55.10625
27078 55.518753
27084 55.518753
27090 56.643753
27096 55.818752
27103 55.818752
27109 56.49375
27111 56.49375
27119 56.343754
27125 56.925003
27132 56.925003
27140 57.768753
27144 57.768753
27150 56.625004
27154 56.625004
27160 56.081253
27166 55.95
27170 55.95
27176 55.93125
27182 55.93125
27190 55.968754
27195 55.968754
27201 55.65
27207 56.362503
27213 56.362503
27219 56.362503
27225 55.237503
27229 55.237503
27235 57.075
27241 57.075
27248 55.95
27253 56.643753
27259 56.643753
27265 56.643753
27272 55.518753
27278 55.518753
27284 55.65
27290 55.65
27293 56.5125
27300 56.5125
27306 56.081253
27312 56.081253
27318 56.362503
27324 56.775
27330 56.775
27336 57.225002
27342 57.225002
27344 55.800003
27350 55.800003
27356 57.487503
27363 57.487503
27369 56.362503
27375 55.36875
27381 54.656254
27390 54.656254
27394 55.65
27400 55.65
27402 55.518753
27410 56.081253
27416 56.081253
27422 55.95
27428 55.95
27434 55.65
27440 55.65
27446 57.206253
27453 56.625004
27459 56.625004
27463 55.518753
27470 55.518753
27476 55.518753
27482 56.775
27486 56.775
27492 56.943752
27499 56.943752
27505 56.081253
27511 55.95
27517 55.95
27521 56.362503
27527 56.362503
27533 56.5125
27540 55.218754
27546 55.218754
27552 55.3875
27558 55.3875
27562 57.35625
27568 57.35625
27574 57.206253
27579 55.65
27586 55.65
27592 56.381252
27596 56.381252
27603 57.35625
27609 56.79375
27615 56.79375
27621 56.381252
27627 56.381252
27634 56.925003
27636 56.925003
27642 56.79375
27649 56.49375
27655 56.49375
27661 57.206253
27668 55.36875
27674 55.36875
27680 55.95
27686 55.95
27692 56.081253
27694 56.081253
27700 55.818752
27706 55.818752
27713 57.093754
27719 56.5125
27725 56.5125
27731 56.925003
27740 56.925003
27744 55.237503
27751 56.100002
27754 56.100002
27760 55.518753
27766 56.362503
27773 56.362503
27779 56.362503
27785 56.362503
27790 55.93125
27795 56.79375
27802 56.79375
27807 55.65
27811 55.65
27818 56.643753
27824 56.643753
27830 56.79375
27840 56.79375
27843 55.36875
27849 55.93125
27853 55.93125
27860 55.95
27866 55.237503
27871 55.237503
27877 55.65
27881 55.65
27890 56.081253
27893 56.081253
27900 55.518753
27906 55.66875
27912 55.66875
27919 56.362503
27925 56.362503
27929 55.518753
27935 56.5125
27940 56.5125
27947 56.775
27954 56.775
27960 55.218754
27964 56.643753
27970 56.643753
27976 55.800003
27981 55.800003
27985 55.95
27991 55.95
27997 56.943752
28004 57.075
28010 57.075
28016 57.206253
28023 56.775
28029 56.775
28035 56.362503
28041 56.362503
28044 55.93125
28051 55.93125
28057 56.643753
28064 56.643753
28070 56.343754
28077 56.062504
28081 56.062504
28091 55.3875
28093 57.468754
28099 57.468754
28101 55.800003
28107 55.800003
28113 55.800003
28120 55.800003
28125 56.775
28132 56.775
28140 57.206253
28143 56.79375
28150 56.79375
28156 56.79375
28159 56.79375
28166 56.925003
28172 57.225002
28178 57.225002
28184 56.362503
28190 55.95
28196 55.95
28203 56.362503
28209 56.362503
28215 54.525
28219 54.525
28225 57.35625
28232 56.775
28240 56.775
28244 55.36875
28250 55.0875
28257 55.0875
28261 55.95
28267 55.95
28274 56.49375
28275 56.49375
28281 56.100002
28290 56.100002
28293 56.081253
28300 55.93125
28306 55.93125
28312 55.781254
28318 55.781254
28324 55.95
28330 57.487503
28335 57.487503
28340 56.381252
28346 56.381252
28353 56.49375
28359 56.925003
28365 56.925003
28372 56.081253
28378 56.081253
28385 55.66875
28390 57.075
28397 57.075
28401 56.775
28407 56.49375
28413 56.49375
28420 55.95
28426 55.95
28432 55.93125
28436 55.93125
28442 55.237503
28448 56.49375
28452 56.49375
28458 57.075
28465 57.075
28471 55.237503
28477 55.912502
28484 55.912502
28490 55.800003
28496 55.800003
28500 56.081253
28506 56.081253
28510 55.912502
28516 55.912502
28523 55.93125
28530 56.943752
28536 55.237503
28542 55.237503
28546 56.925003
28552 56.925003
28558 56.362503
28564 56.362503
28568 56.362503
28575 56.362503
28581 57.787502
28590 57.206253
28593 57.206253
28599 56.081253
28605 56.081253
28611 56.100002
28617 56.49375
28623 56.49375
28628 55.518753
28634 55.518753
28640 56.362503
28646 55.65
28652 55.65
28659 56.643753
28665 56.49375
28672 56.49375
28676 56.49375
28682 56.49375
28685 57.206253
28691 57.206253
28697 55.93125
28703 55.93125
28709 55.36875
28715 56.362503
28721 56.362503
28727 55.218754
28733 55.218754
28741 56.381252
28748 56.381252
28753 56.79375
28755 56.081253
28761 56.081253
28767 56.362503
28773 56.362503
28779 55.518753
28785 56.662502
28791 56.662502
28797 57.768753
28803 57.768753
28809 56.343754
28813 55.256252
28819 55.256252
28825 57.05625
28831 57.05625
28840 55.800003
28843 57.05625
28850 57.05625
28856 55.500004
28860 55.500004
28866 55.66875
28872 56.5125
28879 56.5125
28885 55.95
28890 55.95
28895 55.800003
28901 55.800003
28908 56.362503
28914 56.062504
28918 56.062504
28924 56.081253
28930 56.081253
28936 56.343754
